CRITICAL - 2023-10-25 23:33:58 --> Call to undefined function App\Controllers\saludo()
in APPPATH\Controllers\Home.php on line 13.
 1 SYSTEMPATH\CodeIgniter.php(942): App\Controllers\Home->index()
 2 SYSTEMPATH\CodeIgniter.php(502): CodeIgniter\CodeIgniter->runController(Object(App\Controllers\Home))
 3 SYSTEMPATH\CodeIgniter.php(361): CodeIgniter\CodeIgniter->handleRequest(null, Object(Config\Cache), false)
 4 FCPATH\index.php(79): CodeIgniter\CodeIgniter->run()
CRITICAL - 2023-10-25 23:45:32 --> Undefined array key "cedula"
in APPPATH\Controllers\Home.php on line 10.
 1 APPPATH\Controllers\Home.php(10): CodeIgniter\Debug\Exceptions->errorHandler(2, 'Undefined array key "cedula"', 'C:\\xampp\\htdocs\\codeigniter\\app\\Controllers\\Home.php', 10)
 2 SYSTEMPATH\CodeIgniter.php(942): App\Controllers\Home->index()
 3 SYSTEMPATH\CodeIgniter.php(502): CodeIgniter\CodeIgniter->runController(Object(App\Controllers\Home))
 4 SYSTEMPATH\CodeIgniter.php(361): CodeIgniter\CodeIgniter->handleRequest(null, Object(Config\Cache), false)
 5 FCPATH\index.php(79): CodeIgniter\CodeIgniter->run()
CRITICAL - 2023-10-25 23:46:00 --> Undefined array key "cedula"
in APPPATH\Controllers\Home.php on line 10.
 1 APPPATH\Controllers\Home.php(10): CodeIgniter\Debug\Exceptions->errorHandler(2, 'Undefined array key "cedula"', 'C:\\xampp\\htdocs\\codeigniter\\app\\Controllers\\Home.php', 10)
 2 SYSTEMPATH\CodeIgniter.php(942): App\Controllers\Home->index()
 3 SYSTEMPATH\CodeIgniter.php(502): CodeIgniter\CodeIgniter->runController(Object(App\Controllers\Home))
 4 SYSTEMPATH\CodeIgniter.php(361): CodeIgniter\CodeIgniter->handleRequest(null, Object(Config\Cache), false)
 5 FCPATH\index.php(79): CodeIgniter\CodeIgniter->run()
CRITICAL - 2023-10-25 23:46:01 --> Undefined array key "cedula"
in APPPATH\Controllers\Home.php on line 10.
 1 APPPATH\Controllers\Home.php(10): CodeIgniter\Debug\Exceptions->errorHandler(2, 'Undefined array key "cedula"', 'C:\\xampp\\htdocs\\codeigniter\\app\\Controllers\\Home.php', 10)
 2 SYSTEMPATH\CodeIgniter.php(942): App\Controllers\Home->index()
 3 SYSTEMPATH\CodeIgniter.php(502): CodeIgniter\CodeIgniter->runController(Object(App\Controllers\Home))
 4 SYSTEMPATH\CodeIgniter.php(361): CodeIgniter\CodeIgniter->handleRequest(null, Object(Config\Cache), false)
 5 FCPATH\index.php(79): CodeIgniter\CodeIgniter->run()
CRITICAL - 2023-10-25 23:46:23 --> Undefined array key "nombre"
in APPPATH\Controllers\Home.php on line 9.
 1 APPPATH\Controllers\Home.php(9): CodeIgniter\Debug\Exceptions->errorHandler(2, 'Undefined array key "nombre"', 'C:\\xampp\\htdocs\\codeigniter\\app\\Controllers\\Home.php', 9)
 2 SYSTEMPATH\CodeIgniter.php(942): App\Controllers\Home->index()
 3 SYSTEMPATH\CodeIgniter.php(502): CodeIgniter\CodeIgniter->runController(Object(App\Controllers\Home))
 4 SYSTEMPATH\CodeIgniter.php(361): CodeIgniter\CodeIgniter->handleRequest(null, Object(Config\Cache), false)
 5 FCPATH\index.php(79): CodeIgniter\CodeIgniter->run()
CRITICAL - 2023-10-25 23:51:51 --> explode(): Argument #1 ($separator) cannot be empty
in APPPATH\Helpers\calculo_helper.php on line 7.
 1 APPPATH\Helpers\calculo_helper.php(7): explode('', '1002003001')
 2 APPPATH\Controllers\Home.php(11): separar('1002003001')
 3 SYSTEMPATH\CodeIgniter.php(942): App\Controllers\Home->index()
 4 SYSTEMPATH\CodeIgniter.php(502): CodeIgniter\CodeIgniter->runController(Object(App\Controllers\Home))
 5 SYSTEMPATH\CodeIgniter.php(361): CodeIgniter\CodeIgniter->handleRequest(null, Object(Config\Cache), false)
 6 FCPATH\index.php(79): CodeIgniter\CodeIgniter->run()
CRITICAL - 2023-10-25 23:51:55 --> explode(): Argument #1 ($separator) cannot be empty
in APPPATH\Helpers\calculo_helper.php on line 7.
 1 APPPATH\Helpers\calculo_helper.php(7): explode('', '1002003001')
 2 APPPATH\Controllers\Home.php(11): separar('1002003001')
 3 SYSTEMPATH\CodeIgniter.php(942): App\Controllers\Home->index()
 4 SYSTEMPATH\CodeIgniter.php(502): CodeIgniter\CodeIgniter->runController(Object(App\Controllers\Home))
 5 SYSTEMPATH\CodeIgniter.php(361): CodeIgniter\CodeIgniter->handleRequest(null, Object(Config\Cache), false)
 6 FCPATH\index.php(79): CodeIgniter\CodeIgniter->run()
CRITICAL - 2023-10-25 23:54:59 --> explode(): Argument #1 ($separator) cannot be empty
in APPPATH\Helpers\calculo_helper.php on line 8.
 1 APPPATH\Helpers\calculo_helper.php(8): explode('', '1002003001', 1)
 2 APPPATH\Controllers\Home.php(11): separar('1002003001')
 3 SYSTEMPATH\CodeIgniter.php(942): App\Controllers\Home->index()
 4 SYSTEMPATH\CodeIgniter.php(502): CodeIgniter\CodeIgniter->runController(Object(App\Controllers\Home))
 5 SYSTEMPATH\CodeIgniter.php(361): CodeIgniter\CodeIgniter->handleRequest(null, Object(Config\Cache), false)
 6 FCPATH\index.php(79): CodeIgniter\CodeIgniter->run()
CRITICAL - 2023-10-25 23:59:54 --> explode(): Argument #1 ($separator) cannot be empty
in APPPATH\Helpers\calculo_helper.php on line 8.
 1 APPPATH\Helpers\calculo_helper.php(8): explode('', '', 1)
 2 APPPATH\Controllers\Home.php(11): separar('')
 3 SYSTEMPATH\CodeIgniter.php(942): App\Controllers\Home->index()
 4 SYSTEMPATH\CodeIgniter.php(502): CodeIgniter\CodeIgniter->runController(Object(App\Controllers\Home))
 5 SYSTEMPATH\CodeIgniter.php(361): CodeIgniter\CodeIgniter->handleRequest(null, Object(Config\Cache), false)
 6 FCPATH\index.php(79): CodeIgniter\CodeIgniter->run()
CRITICAL - 2023-10-25 23:59:57 --> explode(): Argument #1 ($separator) cannot be empty
in APPPATH\Helpers\calculo_helper.php on line 8.
 1 APPPATH\Helpers\calculo_helper.php(8): explode('', '1002003001', 1)
 2 APPPATH\Controllers\Home.php(11): separar('1002003001')
 3 SYSTEMPATH\CodeIgniter.php(942): App\Controllers\Home->index()
 4 SYSTEMPATH\CodeIgniter.php(502): CodeIgniter\CodeIgniter->runController(Object(App\Controllers\Home))
 5 SYSTEMPATH\CodeIgniter.php(361): CodeIgniter\CodeIgniter->handleRequest(null, Object(Config\Cache), false)
 6 FCPATH\index.php(79): CodeIgniter\CodeIgniter->run()
